<?xml version="1.0" encoding="UTF-8"?>
<!-- Generated by org.testng.reporters.JUnitXMLReporter -->
<testsuite ignored="0" hostname="Ant-KuldeepSingh-ATR1063" failures="2" tests="3" name="Login and Terms Verification Tests" time="241.348" errors="0" timestamp="2026-01-16T15:24:06 IST">
  <testcase classname="tests.LoginAndTermsVerificationTest" name="testLoginFlowWithDynamicOTPAndVerifyTermsAndConditions" time="65.93">
    <failure type="java.lang.AssertionError" message="Login page should be displayed expected [true] but found [false]">
      <![CDATA[java.lang.AssertionError: Login page should be displayed expected [true] but found [false]
at tests.LoginAndTermsVerificationTest.testLoginFlowWithDynamicOTPAndVerifyTermsAndConditions(LoginAndTermsVerificationTest.java:30)
at java.base/java.util.ArrayList.forEach(ArrayList.java:1511)
... Removed 30 stack frames]]>
    </failure>
  </testcase> <!-- testLoginFlowWithDynamicOTPAndVerifyTermsAndConditions -->
  <testcase classname="tests.LoginAndTermsVerificationTest" name="testTermsAndConditionsContentWithDynamicOTP" time="99.32"/>
  <testcase classname="tests.LoginAndTermsVerificationTest" name="testDynamicOTPFetch" time="63.316">
    <failure type="java.lang.AssertionError" message="OTP should be fetched from email expected object to not be null">
      <![CDATA[java.lang.AssertionError: OTP should be fetched from email expected object to not be null
at tests.LoginAndTermsVerificationTest.testDynamicOTPFetch(LoginAndTermsVerificationTest.java:214)
at java.base/java.util.ArrayList.forEach(ArrayList.java:1511)
... Removed 29 stack frames]]>
    </failure>
  </testcase> <!-- testDynamicOTPFetch -->
</testsuite> <!-- Login and Terms Verification Tests -->
